08/29/2020 08:30:57 PM Successfully logged onto Twitch WS | pshemysuaf
08/29/2020 08:31:01 PM {"author": "pshemysuaf", "item_id": 3000, "item_name": "Szko\u0142a nr 3"}
08/29/2020 08:31:01 PM Certificate did not match expected hostname: amm.thunderit.pl. Certificate: {'subject': ((('countryName', 'PL'),), (('commonName', '*.meckoszalin.pl'),)), 'issuer': ((('countryName', 'PL'),), (('organizationName', 'home.pl S.A.'),), (('commonName', 'Certyfikat SSL'),)), 'version': 3, 'serialNumber': '27AA8196ED3E2A39096B2B8ECF7F5328', 'notBefore': 'Apr 27 09:26:43 2020 GMT', 'notAfter': 'Apr 27 09:26:43 2021 GMT', 'subjectAltName': (('DNS', '*.meckoszalin.pl'), ('DNS', 'meckoszalin.pl')), 'OCSP': ('http://h.ocsp-certum.com',), 'caIssuers': ('http://repository.certum.pl/hsha2.cer',), 'crlDistributionPoints': ('http://crl.certum.pl/hsha2.crl',)}
08/29/2020 08:31:01 PM HTTPSConnectionPool(host='amm.thunderit.pl', port=443): Max retries exceeded with url: /Statystyka (Caused by SSLError(SSLCertVerificationError("hostname 'amm.thunderit.pl' doesn't match either of '*.meckoszalin.pl', 'meckoszalin.pl'")))
08/29/2020 08:31:02 PM {"author": "pshemysuaf", "item_id": 2000, "item_name": "Szko\u0142a nr 2"}
08/29/2020 08:31:02 PM Certificate did not match expected hostname: amm.thunderit.pl. Certificate: {'subject': ((('countryName', 'PL'),), (('commonName', '*.meckoszalin.pl'),)), 'issuer': ((('countryName', 'PL'),), (('organizationName', 'home.pl S.A.'),), (('commonName', 'Certyfikat SSL'),)), 'version': 3, 'serialNumber': '27AA8196ED3E2A39096B2B8ECF7F5328', 'notBefore': 'Apr 27 09:26:43 2020 GMT', 'notAfter': 'Apr 27 09:26:43 2021 GMT', 'subjectAltName': (('DNS', '*.meckoszalin.pl'), ('DNS', 'meckoszalin.pl')), 'OCSP': ('http://h.ocsp-certum.com',), 'caIssuers': ('http://repository.certum.pl/hsha2.cer',), 'crlDistributionPoints': ('http://crl.certum.pl/hsha2.crl',)}
08/29/2020 08:31:02 PM HTTPSConnectionPool(host='amm.thunderit.pl', port=443): Max retries exceeded with url: /Statystyka (Caused by SSLError(SSLCertVerificationError("hostname 'amm.thunderit.pl' doesn't match either of '*.meckoszalin.pl', 'meckoszalin.pl'")))
08/29/2020 08:31:03 PM {"author": "pshemysuaf", "item_id": 1000, "item_name": "Szko\u0142a nr 1"}
08/29/2020 08:31:03 PM Certificate did not match expected hostname: amm.thunderit.pl. Certificate: {'subject': ((('countryName', 'PL'),), (('commonName', '*.meckoszalin.pl'),)), 'issuer': ((('countryName', 'PL'),), (('organizationName', 'home.pl S.A.'),), (('commonName', 'Certyfikat SSL'),)), 'version': 3, 'serialNumber': '27AA8196ED3E2A39096B2B8ECF7F5328', 'notBefore': 'Apr 27 09:26:43 2020 GMT', 'notAfter': 'Apr 27 09:26:43 2021 GMT', 'subjectAltName': (('DNS', '*.meckoszalin.pl'), ('DNS', 'meckoszalin.pl')), 'OCSP': ('http://h.ocsp-certum.com',), 'caIssuers': ('http://repository.certum.pl/hsha2.cer',), 'crlDistributionPoints': ('http://crl.certum.pl/hsha2.crl',)}
08/29/2020 08:31:03 PM HTTPSConnectionPool(host='amm.thunderit.pl', port=443): Max retries exceeded with url: /Statystyka (Caused by SSLError(SSLCertVerificationError("hostname 'amm.thunderit.pl' doesn't match either of '*.meckoszalin.pl', 'meckoszalin.pl'")))
08/29/2020 08:38:02 PM Successfully logged onto Twitch WS | pshemysuaf
08/29/2020 08:38:35 PM Successfully logged onto Twitch WS | pshemysuaf
08/29/2020 08:45:01 PM Successfully logged onto Twitch WS | pshemysuaf
08/29/2020 09:01:20 PM Successfully logged onto Twitch WS | pshemysuaf
08/29/2020 09:01:34 PM Certificate did not match expected hostname: amm.thunderit.pl. Certificate: {'subject': ((('countryName', 'PL'),), (('commonName', '*.meckoszalin.pl'),)), 'issuer': ((('countryName', 'PL'),), (('organizationName', 'home.pl S.A.'),), (('commonName', 'Certyfikat SSL'),)), 'version': 3, 'serialNumber': '27AA8196ED3E2A39096B2B8ECF7F5328', 'notBefore': 'Apr 27 09:26:43 2020 GMT', 'notAfter': 'Apr 27 09:26:43 2021 GMT', 'subjectAltName': (('DNS', '*.meckoszalin.pl'), ('DNS', 'meckoszalin.pl')), 'OCSP': ('http://h.ocsp-certum.com',), 'caIssuers': ('http://repository.certum.pl/hsha2.cer',), 'crlDistributionPoints': ('http://crl.certum.pl/hsha2.crl',)}
08/29/2020 09:01:34 PM HTTPSConnectionPool(host='amm.thunderit.pl', port=443): Max retries exceeded with url: /Statystyka (Caused by SSLError(SSLCertVerificationError("hostname 'amm.thunderit.pl' doesn't match either of '*.meckoszalin.pl', 'meckoszalin.pl'")))
08/29/2020 09:34:36 PM Successfully logged onto Twitch WS | pshemysuaf
08/29/2020 09:36:02 PM Successfully logged onto Twitch WS | pshemysuaf
08/29/2020 09:37:42 PM Successfully logged onto Twitch WS | pshemysuaf
08/29/2020 09:54:50 PM Successfully logged onto Twitch WS | pshemysuaf
08/29/2020 10:11:55 PM Successfully logged onto Twitch WS | pshemysuaf
08/29/2020 10:15:28 PM Successfully logged onto Twitch WS | pshemysuaf
08/29/2020 10:15:38 PM Certificate did not match expected hostname: amm.thunderit.pl. Certificate: {'subject': ((('countryName', 'PL'),), (('commonName', '*.meckoszalin.pl'),)), 'issuer': ((('countryName', 'PL'),), (('organizationName', 'home.pl S.A.'),), (('commonName', 'Certyfikat SSL'),)), 'version': 3, 'serialNumber': '27AA8196ED3E2A39096B2B8ECF7F5328', 'notBefore': 'Apr 27 09:26:43 2020 GMT', 'notAfter': 'Apr 27 09:26:43 2021 GMT', 'subjectAltName': (('DNS', '*.meckoszalin.pl'), ('DNS', 'meckoszalin.pl')), 'OCSP': ('http://h.ocsp-certum.com',), 'caIssuers': ('http://repository.certum.pl/hsha2.cer',), 'crlDistributionPoints': ('http://crl.certum.pl/hsha2.crl',)}
08/29/2020 10:15:38 PM HTTPSConnectionPool(host='amm.thunderit.pl', port=443): Max retries exceeded with url: /Statystyka (Caused by SSLError(SSLCertVerificationError("hostname 'amm.thunderit.pl' doesn't match either of '*.meckoszalin.pl', 'meckoszalin.pl'")))
08/29/2020 10:15:40 PM Certificate did not match expected hostname: amm.thunderit.pl. Certificate: {'subject': ((('countryName', 'PL'),), (('commonName', '*.meckoszalin.pl'),)), 'issuer': ((('countryName', 'PL'),), (('organizationName', 'home.pl S.A.'),), (('commonName', 'Certyfikat SSL'),)), 'version': 3, 'serialNumber': '27AA8196ED3E2A39096B2B8ECF7F5328', 'notBefore': 'Apr 27 09:26:43 2020 GMT', 'notAfter': 'Apr 27 09:26:43 2021 GMT', 'subjectAltName': (('DNS', '*.meckoszalin.pl'), ('DNS', 'meckoszalin.pl')), 'OCSP': ('http://h.ocsp-certum.com',), 'caIssuers': ('http://repository.certum.pl/hsha2.cer',), 'crlDistributionPoints': ('http://crl.certum.pl/hsha2.crl',)}
08/29/2020 10:15:40 PM HTTPSConnectionPool(host='amm.thunderit.pl', port=443): Max retries exceeded with url: /Statystyka (Caused by SSLError(SSLCertVerificationError("hostname 'amm.thunderit.pl' doesn't match either of '*.meckoszalin.pl', 'meckoszalin.pl'")))
08/29/2020 10:15:54 PM Successfully logged onto Twitch WS | pshemysuaf
08/29/2020 10:15:56 PM {"author": "pshemysuaf", "item_id": 1000, "item_name": "Szko\u0142a nr 1"}
08/29/2020 10:15:56 PM Task exception was never retrieved
future: <Task finished name='Task-37' coro=<event_message() done, defined at C:/Users/pshem/PycharmProjects/twitchBot/main.py:38> exception=TypeError("'Command' object is not subscriptable")>
Traceback (most recent call last):
  File "C:/Users/pshem/PycharmProjects/twitchBot/main.py", line 68, in event_message
    stats[item_name] += 1
TypeError: 'Command' object is not subscriptable
08/29/2020 10:16:00 PM {"author": "pshemysuaf", "item_id": 2000, "item_name": "Szko\u0142a nr 2"}
08/29/2020 10:16:00 PM Task exception was never retrieved
future: <Task finished name='Task-40' coro=<event_message() done, defined at C:/Users/pshem/PycharmProjects/twitchBot/main.py:38> exception=TypeError("'Command' object is not subscriptable")>
Traceback (most recent call last):
  File "C:/Users/pshem/PycharmProjects/twitchBot/main.py", line 68, in event_message
    stats[item_name] += 1
TypeError: 'Command' object is not subscriptable
08/29/2020 10:16:56 PM Successfully logged onto Twitch WS | pshemysuaf
08/29/2020 10:17:02 PM {"author": "pshemysuaf", "item_id": 1000, "item_name": "Szko\u0142a nr 1"}
08/29/2020 10:17:06 PM {"author": "pshemysuaf", "item_id": 2000, "item_name": "Szko\u0142a nr 2"}
08/29/2020 10:17:07 PM {"author": "pshemysuaf", "item_id": 1000, "item_name": "Szko\u0142a nr 1"}
08/29/2020 10:18:19 PM Successfully logged onto Twitch WS | pshemysuaf
08/29/2020 10:18:19 PM Task exception was never retrieved
future: <Task finished name='Task-34' coro=<event_message() done, defined at C:/Users/pshem/PycharmProjects/twitchBot/main.py:38> exception=NameError("name 'message' is not defined")>
Traceback (most recent call last):
  File "C:/Users/pshem/PycharmProjects/twitchBot/main.py", line 50, in event_message
    if message in items:
NameError: name 'message' is not defined
08/29/2020 10:18:27 PM Task exception was never retrieved
future: <Task finished name='Task-39' coro=<event_message() done, defined at C:/Users/pshem/PycharmProjects/twitchBot/main.py:38> exception=NameError("name 'message' is not defined")>
Traceback (most recent call last):
  File "C:/Users/pshem/PycharmProjects/twitchBot/main.py", line 50, in event_message
    if message in items:
NameError: name 'message' is not defined
08/29/2020 10:18:30 PM Task exception was never retrieved
future: <Task finished name='Task-42' coro=<event_message() done, defined at C:/Users/pshem/PycharmProjects/twitchBot/main.py:38> exception=NameError("name 'message' is not defined")>
Traceback (most recent call last):
  File "C:/Users/pshem/PycharmProjects/twitchBot/main.py", line 50, in event_message
    if message in items:
NameError: name 'message' is not defined
08/29/2020 10:18:37 PM Task exception was never retrieved
future: <Task finished name='Task-45' coro=<event_message() done, defined at C:/Users/pshem/PycharmProjects/twitchBot/main.py:38> exception=NameError("name 'message' is not defined")>
Traceback (most recent call last):
  File "C:/Users/pshem/PycharmProjects/twitchBot/main.py", line 50, in event_message
    if message in items:
NameError: name 'message' is not defined
08/29/2020 10:18:37 PM Task exception was never retrieved
future: <Task finished name='Task-48' coro=<event_message() done, defined at C:/Users/pshem/PycharmProjects/twitchBot/main.py:38> exception=NameError("name 'message' is not defined")>
Traceback (most recent call last):
  File "C:/Users/pshem/PycharmProjects/twitchBot/main.py", line 50, in event_message
    if message in items:
NameError: name 'message' is not defined
08/29/2020 10:18:47 PM Successfully logged onto Twitch WS | pshemysuaf
08/29/2020 10:18:47 PM Task exception was never retrieved
future: <Task finished name='Task-30' coro=<event_message() done, defined at C:/Users/pshem/PycharmProjects/twitchBot/main.py:38> exception=NameError("name 'message' is not defined")>
Traceback (most recent call last):
  File "C:/Users/pshem/PycharmProjects/twitchBot/main.py", line 50, in event_message
    if message in items:
NameError: name 'message' is not defined
08/29/2020 10:18:59 PM Successfully logged onto Twitch WS | pshemysuaf
08/29/2020 10:19:01 PM {"author": "pshemysuaf", "item_id": 1000, "item_name": "Szko\u0142a nr 1"}
08/29/2020 10:19:03 PM {"author": "pshemysuaf", "item_id": 2000, "item_name": "Szko\u0142a nr 2"}
08/29/2020 10:19:06 PM {"author": "pshemysuaf", "item_id": 1000, "item_name": "Szko\u0142a nr 1"}
08/29/2020 10:19:46 PM Successfully logged onto Twitch WS | pshemysuaf
08/29/2020 10:19:51 PM {"author": "pshemysuaf", "item_id": 1000, "item_name": "Szko\u0142a nr 1"}
08/29/2020 10:19:53 PM {"author": "pshemysuaf", "item_id": 2000, "item_name": "Szko\u0142a nr 2"}
08/29/2020 10:28:58 PM Successfully logged onto Twitch WS | pshemysuaf
08/29/2020 10:29:02 PM {"author": "pshemysuaf", "item_id": 1000, "item_name": "Szko\u0142a nr 10"}
08/29/2020 10:29:09 PM {"author": "pshemysuaf", "item_id": 100, "item_name": "Szko\u0142a nr 1"}
08/29/2020 10:29:23 PM {"author": "pshemysuaf", "item_id": 1000, "item_name": "Szko\u0142a nr 10"}
08/29/2020 10:35:05 PM {"author": "pshemysuaf", "item_id": 1000, "item_name": "Szko\u0142a nr 10"}
08/29/2020 10:35:10 PM {"author": "pshemysuaf", "item_id": 100, "item_name": "Szko\u0142a nr 1"}
08/29/2020 10:41:38 PM Successfully logged onto Twitch WS | pshemysuaf
08/29/2020 10:50:22 PM Successfully logged onto Twitch WS | pshemysuaf
08/29/2020 10:50:32 PM Successfully logged onto Twitch WS | pshemysuaf
08/29/2020 10:52:57 PM {"author": "pshemysuaf", "item_id": 1200, "item_name": "Szko\u0142a nr 12"}
08/29/2020 10:53:07 PM {"author": "pshemysuaf", "item_id": 100, "item_name": "Szko\u0142a nr 1"}
08/29/2020 10:54:49 PM {"author": "pshemysuaf", "item_id": 100, "item_name": "Szko\u0142a nr 1"}
08/29/2020 10:55:09 PM {"author": "pshemysuaf", "item_id": 100, "item_name": "Szko\u0142a nr 1"}
08/29/2020 10:55:10 PM {"author": "pshemysuaf", "item_id": 100, "item_name": "Szko\u0142a nr 1"}
08/29/2020 10:55:11 PM {"author": "pshemysuaf", "item_id": 100, "item_name": "Szko\u0142a nr 1"}
08/29/2020 10:57:46 PM Successfully logged onto Twitch WS | pshemysuaf
08/29/2020 11:06:41 PM {"author": "pshemysuaf", "item_id": 100, "item_name": "Szko\u0142a nr 1"}
08/29/2020 11:06:45 PM {"author": "pshemysuaf", "item_id": 600, "item_name": "Szko\u0142a nr 6"}
08/29/2020 11:06:58 PM {"author": "pshemysuaf", "item_id": 100, "item_name": "Szko\u0142a nr 1"}
08/29/2020 11:06:59 PM {"author": "pshemysuaf", "item_id": 100, "item_name": "Szko\u0142a nr 1"}
